Epoch: [0]  [0/5]  eta: 0:02:26  lr: 0.001000  loss: 0.3446 (0.3446)  loss_classifier: 0.0847 (0.0847)  loss_box_reg: 0.0643 (0.0643)  loss_mask: 0.1814 (0.1814)  loss_objectness: 0.0076 (0.0076)  loss_rpn_box_reg: 0.0066 (0.0066)  time: 29.3987  data: 0.5214  max mem: 0
Epoch: [0]  [1/5]  eta: 0:02:18  lr: 0.001000  loss: 0.3446 (0.5155)  loss_classifier: 0.0847 (0.1060)  loss_box_reg: 0.0643 (0.1078)  loss_mask: 0.1814 (0.2849)  loss_objectness: 0.0076 (0.0109)  loss_rpn_box_reg: 0.0055 (0.0060)  time: 34.7289  data: 0.3051  max mem: 0
Epoch: [0]  [2/5]  eta: 0:01:48  lr: 0.001000  loss: 0.3446 (0.3964)  loss_classifier: 0.0847 (0.0811)  loss_box_reg: 0.0643 (0.0829)  loss_mask: 0.1814 (0.2186)  loss_objectness: 0.0076 (0.0093)  loss_rpn_box_reg: 0.0055 (0.0045)  time: 36.1580  data: 0.2149  max mem: 0
Epoch: [0]  [3/5]  eta: 0:01:21  lr: 0.001000  loss: 0.3446 (0.5366)  loss_classifier: 0.0847 (0.0982)  loss_box_reg: 0.0643 (0.0983)  loss_mask: 0.1814 (0.3222)  loss_objectness: 0.0076 (0.0137)  loss_rpn_box_reg: 0.0035 (0.0043)  time: 40.7882  data: 0.1937  max mem: 0
Epoch: [0]  [4/5]  eta: 0:00:54  lr: 0.001000  loss: 0.6865 (0.6100)  loss_classifier: 0.1273 (0.1149)  loss_box_reg: 0.1415 (0.1069)  loss_mask: 0.3884 (0.3546)  loss_objectness: 0.0141 (0.0283)  loss_rpn_box_reg: 0.0055 (0.0054)  time: 54.0157  data: 0.1741  max mem: 0
Epoch: [0] Total time: 0:04:30 (54.0639 s / it)
Epoch: [1]  [0/5]  eta: 0:06:52  lr: 0.001000  loss: 0.7066 (0.7066)  loss_classifier: 0.1703 (0.1703)  loss_box_reg: 0.1363 (0.1363)  loss_mask: 0.3495 (0.3495)  loss_objectness: 0.0452 (0.0452)  loss_rpn_box_reg: 0.0053 (0.0053)  time: 82.5127  data: 6.0966  max mem: 0
Epoch: [1]  [1/5]  eta: 0:04:40  lr: 0.001000  loss: 0.1667 (0.4367)  loss_classifier: 0.0463 (0.1083)  loss_box_reg: 0.0259 (0.0811)  loss_mask: 0.0910 (0.2202)  loss_objectness: 0.0018 (0.0235)  loss_rpn_box_reg: 0.0018 (0.0035)  time: 70.1150  data: 3.0909  max mem: 0
Epoch: [1]  [2/5]  eta: 0:03:41  lr: 0.001000  loss: 0.7066 (0.5489)  loss_classifier: 0.1439 (0.1201)  loss_box_reg: 0.1317 (0.0980)  loss_mask: 0.3495 (0.2864)  loss_objectness: 0.0452 (0.0367)  loss_rpn_box_reg: 0.0053 (0.0077)  time: 73.6766  data: 2.0945  max mem: 0
Epoch: [1]  [3/5]  eta: 0:02:37  lr: 0.001000  loss: 0.7066 (0.6324)  loss_classifier: 0.1439 (0.1410)  loss_box_reg: 0.1317 (0.1172)  loss_mask: 0.3495 (0.3039)  loss_objectness: 0.0452 (0.0608)  loss_rpn_box_reg: 0.0053 (0.0096)  time: 78.6854  data: 1.6030  max mem: 0
Epoch: [1]  [4/5]  eta: 0:01:16  lr: 0.001000  loss: 0.7066 (0.6084)  loss_classifier: 0.1439 (0.1287)  loss_box_reg: 0.1317 (0.1101)  loss_mask: 0.3495 (0.3045)  loss_objectness: 0.0452 (0.0563)  loss_rpn_box_reg: 0.0053 (0.0087)  time: 76.8356  data: 1.3050  max mem: 0
Epoch: [1] Total time: 0:06:24 (76.9012 s / it)
Epoch: [2]  [0/5]  eta: 0:08:38  lr: 0.001000  loss: 0.3937 (0.3937)  loss_classifier: 0.0933 (0.0933)  loss_box_reg: 0.0892 (0.0892)  loss_mask: 0.1461 (0.1461)  loss_objectness: 0.0606 (0.0606)  loss_rpn_box_reg: 0.0045 (0.0045)  time: 103.7397  data: 3.7264  max mem: 0
Epoch: [2]  [1/5]  eta: 0:07:03  lr: 0.001000  loss: 0.3015 (0.3476)  loss_classifier: 0.0670 (0.0801)  loss_box_reg: 0.0718 (0.0805)  loss_mask: 0.1297 (0.1379)  loss_objectness: 0.0295 (0.0451)  loss_rpn_box_reg: 0.0036 (0.0040)  time: 105.9340  data: 1.9148  max mem: 0
Epoch: [2]  [2/5]  eta: 0:05:21  lr: 0.001000  loss: 0.3937 (0.4783)  loss_classifier: 0.0933 (0.1156)  loss_box_reg: 0.0892 (0.0984)  loss_mask: 0.1461 (0.1949)  loss_objectness: 0.0606 (0.0619)  loss_rpn_box_reg: 0.0045 (0.0075)  time: 107.2935  data: 1.3197  max mem: 0
Epoch: [2]  [3/5]  eta: 0:03:45  lr: 0.001000  loss: 0.3937 (0.4946)  loss_classifier: 0.0933 (0.1191)  loss_box_reg: 0.0892 (0.1060)  loss_mask: 0.1461 (0.2149)  loss_objectness: 0.0295 (0.0479)  loss_rpn_box_reg: 0.0045 (0.0067)  time: 112.8954  data: 1.0216  max mem: 0
Epoch: [2]  [4/5]  eta: 0:01:50  lr: 0.001000  loss: 0.3937 (0.4388)  loss_classifier: 0.0933 (0.1063)  loss_box_reg: 0.0892 (0.0905)  loss_mask: 0.1461 (0.1948)  loss_objectness: 0.0295 (0.0411)  loss_rpn_box_reg: 0.0045 (0.0060)  time: 110.5024  data: 0.8381  max mem: 0
Epoch: [2] Total time: 0:09:12 (110.5636 s / it)
Epoch: [3]  [0/5]  eta: 0:06:33  lr: 0.001000  loss: 0.7873 (0.7873)  loss_classifier: 0.0875 (0.0875)  loss_box_reg: 0.0861 (0.0861)  loss_mask: 0.5801 (0.5801)  loss_objectness: 0.0277 (0.0277)  loss_rpn_box_reg: 0.0060 (0.0060)  time: 78.7420  data: 3.6077  max mem: 0
Epoch: [3]  [1/5]  eta: 0:05:48  lr: 0.001000  loss: 0.6135 (0.7004)  loss_classifier: 0.0875 (0.0994)  loss_box_reg: 0.0861 (0.0913)  loss_mask: 0.3041 (0.4421)  loss_objectness: 0.0277 (0.0594)  loss_rpn_box_reg: 0.0060 (0.0082)  time: 87.1645  data: 1.8668  max mem: 0
Epoch: [3]  [2/5]  eta: 0:04:45  lr: 0.001000  loss: 0.6135 (0.5649)  loss_classifier: 0.0875 (0.0799)  loss_box_reg: 0.0861 (0.0707)  loss_mask: 0.3041 (0.3647)  loss_objectness: 0.0277 (0.0437)  loss_rpn_box_reg: 0.0060 (0.0059)  time: 95.1997  data: 1.2701  max mem: 0
Epoch: [3]  [3/5]  eta: 0:02:59  lr: 0.001000  loss: 0.2939 (0.4938)  loss_classifier: 0.0756 (0.0789)  loss_box_reg: 0.0733 (0.0714)  loss_mask: 0.2100 (0.3038)  loss_objectness: 0.0121 (0.0338)  loss_rpn_box_reg: 0.0059 (0.0059)  time: 89.9715  data: 0.9784  max mem: 0
Epoch: [3]  [4/5]  eta: 0:01:48  lr: 0.001000  loss: 0.6135 (0.6202)  loss_classifier: 0.0875 (0.1155)  loss_box_reg: 0.0861 (0.1066)  loss_mask: 0.3041 (0.3382)  loss_objectness: 0.0277 (0.0516)  loss_rpn_box_reg: 0.0060 (0.0084)  time: 108.6292  data: 0.8063  max mem: 0
Epoch: [3] Total time: 0:09:03 (108.6927 s / it)
Epoch: [4]  [0/5]  eta: 0:12:34  lr: 0.001000  loss: 0.7566 (0.7566)  loss_classifier: 0.1465 (0.1465)  loss_box_reg: 0.1743 (0.1743)  loss_mask: 0.3918 (0.3918)  loss_objectness: 0.0374 (0.0374)  loss_rpn_box_reg: 0.0066 (0.0066)  time: 150.9055  data: 0.2335  max mem: 0
Epoch: [4]  [1/5]  eta: 0:08:14  lr: 0.001000  loss: 0.2461 (0.5014)  loss_classifier: 0.0775 (0.1120)  loss_box_reg: 0.0507 (0.1125)  loss_mask: 0.1024 (0.2471)  loss_objectness: 0.0129 (0.0252)  loss_rpn_box_reg: 0.0025 (0.0046)  time: 123.5092  data: 0.1717  max mem: 0
Epoch: [4]  [2/5]  eta: 0:05:51  lr: 0.001000  loss: 0.4616 (0.4881)  loss_classifier: 0.1318 (0.1186)  loss_box_reg: 0.0996 (0.1082)  loss_mask: 0.2083 (0.2342)  loss_objectness: 0.0185 (0.0229)  loss_rpn_box_reg: 0.0034 (0.0042)  time: 117.2419  data: 0.1528  max mem: 0
Epoch: [4]  [3/5]  eta: 0:03:42  lr: 0.001000  loss: 0.4616 (0.5344)  loss_classifier: 0.0842 (0.1100)  loss_box_reg: 0.0957 (0.1051)  loss_mask: 0.2083 (0.2970)  loss_objectness: 0.0129 (0.0186)  loss_rpn_box_reg: 0.0027 (0.0038)  time: 111.4010  data: 0.1501  max mem: 0
Epoch: [4]  [4/5]  eta: 0:01:51  lr: 0.001000  loss: 0.6620 (0.5600)  loss_classifier: 0.1318 (0.1225)  loss_box_reg: 0.0996 (0.1103)  loss_mask: 0.2823 (0.2940)  loss_objectness: 0.0185 (0.0279)  loss_rpn_box_reg: 0.0034 (0.0053)  time: 111.9977  data: 0.1445  max mem: 0
Epoch: [4] Total time: 0:09:20 (112.0683 s / it)
Epoch: [5]  [0/5]  eta: 0:12:55  lr: 0.001000  loss: 0.6604 (0.6604)  loss_classifier: 0.1408 (0.1408)  loss_box_reg: 0.1544 (0.1544)  loss_mask: 0.3481 (0.3481)  loss_objectness: 0.0140 (0.0140)  loss_rpn_box_reg: 0.0032 (0.0032)  time: 155.1554  data: 0.1117  max mem: 0
Epoch: [5]  [1/5]  eta: 0:10:05  lr: 0.001000  loss: 0.3434 (0.5019)  loss_classifier: 0.0617 (0.1013)  loss_box_reg: 0.0645 (0.1094)  loss_mask: 0.1391 (0.2436)  loss_objectness: 0.0140 (0.0434)  loss_rpn_box_reg: 0.0032 (0.0043)  time: 151.4641  data: 0.1768  max mem: 0
Epoch: [5]  [2/5]  eta: 0:06:29  lr: 0.001000  loss: 0.3434 (0.4163)  loss_classifier: 0.0634 (0.0886)  loss_box_reg: 0.0645 (0.0894)  loss_mask: 0.1391 (0.2027)  loss_objectness: 0.0140 (0.0320)  loss_rpn_box_reg: 0.0032 (0.0036)  time: 129.9475  data: 0.1531  max mem: 0
Epoch: [5]  [3/5]  eta: 0:03:51  lr: 0.001000  loss: 0.3275 (0.3941)  loss_classifier: 0.0617 (0.0802)  loss_box_reg: 0.0592 (0.0818)  loss_mask: 0.1391 (0.1938)  loss_objectness: 0.0140 (0.0350)  loss_rpn_box_reg: 0.0023 (0.0032)  time: 115.5093  data: 0.1428  max mem: 0
Epoch: [5]  [4/5]  eta: 0:01:49  lr: 0.001000  loss: 0.3275 (0.3748)  loss_classifier: 0.0634 (0.0781)  loss_box_reg: 0.0645 (0.0806)  loss_mask: 0.1391 (0.1825)  loss_objectness: 0.0140 (0.0295)  loss_rpn_box_reg: 0.0032 (0.0041)  time: 109.6009  data: 0.1292  max mem: 0
Epoch: [5] Total time: 0:09:09 (109.8184 s / it)
Epoch: [6]  [0/5]  eta: 0:06:16  lr: 0.001000  loss: 0.4400 (0.4400)  loss_classifier: 0.1119 (0.1119)  loss_box_reg: 0.0585 (0.0585)  loss_mask: 0.2515 (0.2515)  loss_objectness: 0.0148 (0.0148)  loss_rpn_box_reg: 0.0033 (0.0033)  time: 75.2051  data: 0.5875  max mem: 0
Epoch: [6]  [1/5]  eta: 0:05:31  lr: 0.001000  loss: 0.2320 (0.3360)  loss_classifier: 0.0523 (0.0821)  loss_box_reg: 0.0399 (0.0492)  loss_mask: 0.1272 (0.1893)  loss_objectness: 0.0059 (0.0103)  loss_rpn_box_reg: 0.0033 (0.0051)  time: 82.8342  data: 0.3570  max mem: 0
Epoch: [6]  [2/5]  eta: 0:03:59  lr: 0.001000  loss: 0.3068 (0.3263)  loss_classifier: 0.0523 (0.0715)  loss_box_reg: 0.0552 (0.0512)  loss_mask: 0.1685 (0.1824)  loss_objectness: 0.0148 (0.0170)  loss_rpn_box_reg: 0.0033 (0.0042)  time: 79.8062  data: 0.2763  max mem: 0
Epoch: [6]  [3/5]  eta: 0:02:42  lr: 0.001000  loss: 0.3068 (0.3846)  loss_classifier: 0.0523 (0.0924)  loss_box_reg: 0.0552 (0.0706)  loss_mask: 0.1685 (0.1996)  loss_objectness: 0.0147 (0.0164)  loss_rpn_box_reg: 0.0033 (0.0055)  time: 81.0266  data: 0.2254  max mem: 0
Epoch: [6]  [4/5]  eta: 0:01:30  lr: 0.001000  loss: 0.4400 (0.4879)  loss_classifier: 0.1119 (0.1241)  loss_box_reg: 0.0585 (0.1006)  loss_mask: 0.2514 (0.2288)  loss_objectness: 0.0148 (0.0272)  loss_rpn_box_reg: 0.0068 (0.0072)  time: 90.8006  data: 0.2032  max mem: 0
Epoch: [6] Total time: 0:07:34 (90.8596 s / it)
Epoch: [7]  [0/5]  eta: 0:07:45  lr: 0.001000  loss: 0.9324 (0.9324)  loss_classifier: 0.2736 (0.2736)  loss_box_reg: 0.2361 (0.2361)  loss_mask: 0.3627 (0.3627)  loss_objectness: 0.0464 (0.0464)  loss_rpn_box_reg: 0.0136 (0.0136)  time: 93.1785  data: 0.1634  max mem: 0
Epoch: [7]  [1/5]  eta: 0:07:04  lr: 0.001000  loss: 0.3958 (0.6641)  loss_classifier: 0.0792 (0.1764)  loss_box_reg: 0.0860 (0.1610)  loss_mask: 0.1780 (0.2704)  loss_objectness: 0.0401 (0.0432)  loss_rpn_box_reg: 0.0124 (0.0130)  time: 106.0176  data: 0.1417  max mem: 0
Epoch: [7]  [2/5]  eta: 0:05:10  lr: 0.001000  loss: 0.6872 (0.6718)  loss_classifier: 0.1336 (0.1621)  loss_box_reg: 0.1174 (0.1465)  loss_mask: 0.3627 (0.3213)  loss_objectness: 0.0401 (0.0327)  loss_rpn_box_reg: 0.0124 (0.0092)  time: 103.5460  data: 0.1357  max mem: 0
Epoch: [7]  [3/5]  eta: 0:03:12  lr: 0.001000  loss: 0.6656 (0.6702)  loss_classifier: 0.1336 (0.1595)  loss_box_reg: 0.1174 (0.1423)  loss_mask: 0.3390 (0.3257)  loss_objectness: 0.0336 (0.0329)  loss_rpn_box_reg: 0.0116 (0.0098)  time: 96.4158  data: 0.1306  max mem: 0
Epoch: [7]  [4/5]  eta: 0:01:32  lr: 0.001000  loss: 0.6656 (0.5847)  loss_classifier: 0.1336 (0.1372)  loss_box_reg: 0.1174 (0.1190)  loss_mask: 0.3390 (0.2889)  loss_objectness: 0.0336 (0.0311)  loss_rpn_box_reg: 0.0116 (0.0085)  time: 92.0345  data: 0.1195  max mem: 0
Epoch: [7] Total time: 0:07:40 (92.1027 s / it)
Epoch: [8]  [0/5]  eta: 0:08:34  lr: 0.001000  loss: 0.2681 (0.2681)  loss_classifier: 0.0628 (0.0628)  loss_box_reg: 0.0602 (0.0602)  loss_mask: 0.1362 (0.1362)  loss_objectness: 0.0046 (0.0046)  loss_rpn_box_reg: 0.0043 (0.0043)  time: 102.8546  data: 0.4866  max mem: 0
Epoch: [8]  [1/5]  eta: 0:05:50  lr: 0.001000  loss: 0.2035 (0.2358)  loss_classifier: 0.0421 (0.0525)  loss_box_reg: 0.0315 (0.0459)  loss_mask: 0.1260 (0.1311)  loss_objectness: 0.0033 (0.0040)  loss_rpn_box_reg: 0.0007 (0.0025)  time: 87.7114  data: 0.3024  max mem: 0
Epoch: [8]  [2/5]  eta: 0:04:05  lr: 0.001000  loss: 0.2483 (0.2400)  loss_classifier: 0.0529 (0.0526)  loss_box_reg: 0.0499 (0.0472)  loss_mask: 0.1260 (0.1290)  loss_objectness: 0.0046 (0.0055)  loss_rpn_box_reg: 0.0043 (0.0056)  time: 81.9606  data: 0.2500  max mem: 0
Epoch: [8]  [3/5]  eta: 0:02:47  lr: 0.001000  loss: 0.2483 (0.2811)  loss_classifier: 0.0529 (0.0602)  loss_box_reg: 0.0499 (0.0562)  loss_mask: 0.1260 (0.1536)  loss_objectness: 0.0046 (0.0058)  loss_rpn_box_reg: 0.0038 (0.0052)  time: 83.7930  data: 0.2062  max mem: 0
Epoch: [8]  [4/5]  eta: 0:01:27  lr: 0.001000  loss: 0.2681 (0.3000)  loss_classifier: 0.0628 (0.0679)  loss_box_reg: 0.0602 (0.0607)  loss_mask: 0.1362 (0.1561)  loss_objectness: 0.0068 (0.0098)  loss_rpn_box_reg: 0.0043 (0.0055)  time: 87.2691  data: 0.1858  max mem: 0
Epoch: [8] Total time: 0:07:16 (87.3336 s / it)
Epoch: [9]  [0/5]  eta: 0:07:19  lr: 0.001000  loss: 0.2100 (0.2100)  loss_classifier: 0.0542 (0.0542)  loss_box_reg: 0.0333 (0.0333)  loss_mask: 0.1122 (0.1122)  loss_objectness: 0.0043 (0.0043)  loss_rpn_box_reg: 0.0059 (0.0059)  time: 87.9765  data: 0.0984  max mem: 0
Epoch: [9]  [1/5]  eta: 0:06:40  lr: 0.001000  loss: 0.2100 (0.4235)  loss_classifier: 0.0542 (0.0932)  loss_box_reg: 0.0333 (0.0810)  loss_mask: 0.1122 (0.1986)  loss_objectness: 0.0043 (0.0421)  loss_rpn_box_reg: 0.0059 (0.0087)  time: 100.1698  data: 0.0974  max mem: 0
Epoch: [9]  [2/5]  eta: 0:04:17  lr: 0.001000  loss: 0.2258 (0.3576)  loss_classifier: 0.0542 (0.0789)  loss_box_reg: 0.0453 (0.0691)  loss_mask: 0.1210 (0.1727)  loss_objectness: 0.0072 (0.0304)  loss_rpn_box_reg: 0.0059 (0.0064)  time: 85.9154  data: 0.1041  max mem: 0
Epoch: [9]  [3/5]  eta: 0:02:47  lr: 0.001000  loss: 0.2258 (0.3314)  loss_classifier: 0.0503 (0.0705)  loss_box_reg: 0.0333 (0.0601)  loss_mask: 0.1210 (0.1674)  loss_objectness: 0.0072 (0.0268)  loss_rpn_box_reg: 0.0059 (0.0067)  time: 83.6923  data: 0.1038  max mem: 0
Epoch: [9]  [4/5]  eta: 0:01:26  lr: 0.001000  loss: 0.2528 (0.3384)  loss_classifier: 0.0542 (0.0738)  loss_box_reg: 0.0453 (0.0607)  loss_mask: 0.1514 (0.1724)  loss_objectness: 0.0158 (0.0254)  loss_rpn_box_reg: 0.0059 (0.0061)  time: 86.5811  data: 0.1104  max mem: 0
Epoch: [9] Total time: 0:07:13 (86.6494 s / it)
Epoch: [10]  [0/5]  eta: 0:02:12  lr: 0.000100  loss: 0.3757 (0.3757)  loss_classifier: 0.0892 (0.0892)  loss_box_reg: 0.0818 (0.0818)  loss_mask: 0.1618 (0.1618)  loss_objectness: 0.0353 (0.0353)  loss_rpn_box_reg: 0.0077 (0.0077)  time: 26.4377  data: 0.4619  max mem: 0
Epoch: [10]  [1/5]  eta: 0:01:53  lr: 0.000100  loss: 0.2862 (0.3310)  loss_classifier: 0.0780 (0.0836)  loss_box_reg: 0.0514 (0.0666)  loss_mask: 0.1424 (0.1521)  loss_objectness: 0.0124 (0.0238)  loss_rpn_box_reg: 0.0020 (0.0048)  time: 28.4061  data: 0.2709  max mem: 0
Epoch: [10]  [2/5]  eta: 0:01:25  lr: 0.000100  loss: 0.2862 (0.2779)  loss_classifier: 0.0780 (0.0683)  loss_box_reg: 0.0514 (0.0516)  loss_mask: 0.1424 (0.1377)  loss_objectness: 0.0124 (0.0169)  loss_rpn_box_reg: 0.0020 (0.0035)  time: 28.5166  data: 0.1927  max mem: 0
Epoch: [10]  [3/5]  eta: 0:01:29  lr: 0.000100  loss: 0.2862 (0.4037)  loss_classifier: 0.0780 (0.1032)  loss_box_reg: 0.0514 (0.0921)  loss_mask: 0.1424 (0.1841)  loss_objectness: 0.0124 (0.0192)  loss_rpn_box_reg: 0.0020 (0.0051)  time: 44.5636  data: 0.1875  max mem: 0
Epoch: [10]  [4/5]  eta: 0:00:52  lr: 0.000100  loss: 0.3757 (0.4598)  loss_classifier: 0.0892 (0.1083)  loss_box_reg: 0.0818 (0.0960)  loss_mask: 0.1618 (0.2257)  loss_objectness: 0.0263 (0.0245)  loss_rpn_box_reg: 0.0062 (0.0054)  time: 52.9259  data: 0.1855  max mem: 0
Epoch: [10] Total time: 0:04:24 (52.9867 s / it)
Epoch: [11]  [0/5]  eta: 0:06:38  lr: 0.000100  loss: 0.3180 (0.3180)  loss_classifier: 0.0732 (0.0732)  loss_box_reg: 0.0668 (0.0668)  loss_mask: 0.1698 (0.1698)  loss_objectness: 0.0049 (0.0049)  loss_rpn_box_reg: 0.0033 (0.0033)  time: 79.7135  data: 0.3444  max mem: 0
Epoch: [11]  [1/5]  eta: 0:05:02  lr: 0.000100  loss: 0.3180 (0.3315)  loss_classifier: 0.0644 (0.0688)  loss_box_reg: 0.0659 (0.0663)  loss_mask: 0.1555 (0.1627)  loss_objectness: 0.0049 (0.0294)  loss_rpn_box_reg: 0.0033 (0.0043)  time: 75.5956  data: 0.2355  max mem: 0
Epoch: [11]  [2/5]  eta: 0:03:41  lr: 0.000100  loss: 0.3180 (0.3199)  loss_classifier: 0.0644 (0.0667)  loss_box_reg: 0.0659 (0.0586)  loss_mask: 0.1555 (0.1592)  loss_objectness: 0.0367 (0.0318)  loss_rpn_box_reg: 0.0033 (0.0037)  time: 73.8057  data: 0.1860  max mem: 0
Epoch: [11]  [3/5]  eta: 0:02:25  lr: 0.000100  loss: 0.2967 (0.3010)  loss_classifier: 0.0624 (0.0589)  loss_box_reg: 0.0430 (0.0515)  loss_mask: 0.1521 (0.1472)  loss_objectness: 0.0367 (0.0390)  loss_rpn_box_reg: 0.0033 (0.0044)  time: 72.9316  data: 0.1714  max mem: 0
Epoch: [11]  [4/5]  eta: 0:01:17  lr: 0.000100  loss: 0.3180 (0.4078)  loss_classifier: 0.0644 (0.0777)  loss_box_reg: 0.0659 (0.0748)  loss_mask: 0.1555 (0.1987)  loss_objectness: 0.0539 (0.0505)  loss_rpn_box_reg: 0.0053 (0.0060)  time: 77.9103  data: 0.1802  max mem: 0
Epoch: [11] Total time: 0:06:29 (77.9761 s / it)
Epoch: [12]  [0/5]  eta: 0:08:29  lr: 0.000100  loss: 0.4119 (0.4119)  loss_classifier: 0.1085 (0.1085)  loss_box_reg: 0.1003 (0.1003)  loss_mask: 0.1793 (0.1793)  loss_objectness: 0.0197 (0.0197)  loss_rpn_box_reg: 0.0040 (0.0040)  time: 101.9304  data: 0.3740  max mem: 0
Epoch: [12]  [1/5]  eta: 0:06:23  lr: 0.000100  loss: 0.4119 (0.5012)  loss_classifier: 0.1085 (0.1186)  loss_box_reg: 0.1003 (0.1204)  loss_mask: 0.1793 (0.2301)  loss_objectness: 0.0197 (0.0250)  loss_rpn_box_reg: 0.0040 (0.0070)  time: 95.7599  data: 0.2207  max mem: 0
Epoch: [12]  [2/5]  eta: 0:05:15  lr: 0.000100  loss: 0.4844 (0.4956)  loss_classifier: 0.1085 (0.1093)  loss_box_reg: 0.1367 (0.1258)  loss_mask: 0.2069 (0.2224)  loss_objectness: 0.0304 (0.0313)  loss_rpn_box_reg: 0.0066 (0.0069)  time: 105.2595  data: 0.1975  max mem: 0
Epoch: [12]  [3/5]  eta: 0:03:30  lr: 0.000100  loss: 0.4442 (0.4827)  loss_classifier: 0.0912 (0.1047)  loss_box_reg: 0.1036 (0.1203)  loss_mask: 0.2069 (0.2251)  loss_objectness: 0.0197 (0.0266)  loss_rpn_box_reg: 0.0040 (0.0060)  time: 105.1159  data: 0.1843  max mem: 0
Epoch: [12]  [4/5]  eta: 0:01:43  lr: 0.000100  loss: 0.4442 (0.4566)  loss_classifier: 0.0912 (0.0982)  loss_box_reg: 0.1036 (0.1060)  loss_mask: 0.2069 (0.2174)  loss_objectness: 0.0304 (0.0290)  loss_rpn_box_reg: 0.0054 (0.0059)  time: 103.3478  data: 0.1715  max mem: 0
Epoch: [12] Total time: 0:08:37 (103.4158 s / it)
Epoch: [13]  [0/5]  eta: 0:07:54  lr: 0.000100  loss: 0.1997 (0.1997)  loss_classifier: 0.0340 (0.0340)  loss_box_reg: 0.0260 (0.0260)  loss_mask: 0.1287 (0.1287)  loss_objectness: 0.0070 (0.0070)  loss_rpn_box_reg: 0.0039 (0.0039)  time: 94.8437  data: 0.6011  max mem: 0
Epoch: [13]  [1/5]  eta: 0:06:51  lr: 0.000100  loss: 0.1997 (0.4309)  loss_classifier: 0.0340 (0.1030)  loss_box_reg: 0.0260 (0.0774)  loss_mask: 0.1287 (0.2171)  loss_objectness: 0.0070 (0.0264)  loss_rpn_box_reg: 0.0039 (0.0069)  time: 102.8468  data: 0.3567  max mem: 0
Epoch: [13]  [2/5]  eta: 0:05:35  lr: 0.000100  loss: 0.5227 (0.4615)  loss_classifier: 0.1208 (0.1089)  loss_box_reg: 0.1132 (0.0893)  loss_mask: 0.2754 (0.2366)  loss_objectness: 0.0089 (0.0206)  loss_rpn_box_reg: 0.0044 (0.0061)  time: 111.7593  data: 0.2621  max mem: 0
Epoch: [13]  [3/5]  eta: 0:03:37  lr: 0.000100  loss: 0.2508 (0.4088)  loss_classifier: 0.0721 (0.0997)  loss_box_reg: 0.0420 (0.0775)  loss_mask: 0.1287 (0.2077)  loss_objectness: 0.0089 (0.0180)  loss_rpn_box_reg: 0.0044 (0.0059)  time: 108.6015  data: 0.2298  max mem: 0
Epoch: [13]  [4/5]  eta: 0:01:46  lr: 0.000100  loss: 0.2877 (0.3846)  loss_classifier: 0.0777 (0.0953)  loss_box_reg: 0.0648 (0.0749)  loss_mask: 0.1298 (0.1921)  loss_objectness: 0.0101 (0.0164)  loss_rpn_box_reg: 0.0053 (0.0058)  time: 106.0171  data: 0.2121  max mem: 0
Epoch: [13] Total time: 0:08:50 (106.0835 s / it)
Epoch: [14]  [0/5]  eta: 0:08:18  lr: 0.000100  loss: 0.1826 (0.1826)  loss_classifier: 0.0306 (0.0306)  loss_box_reg: 0.0233 (0.0233)  loss_mask: 0.1194 (0.1194)  loss_objectness: 0.0067 (0.0067)  loss_rpn_box_reg: 0.0026 (0.0026)  time: 99.7526  data: 2.1566  max mem: 0
Epoch: [14]  [1/5]  eta: 0:06:39  lr: 0.000100  loss: 0.1826 (0.4745)  loss_classifier: 0.0306 (0.0827)  loss_box_reg: 0.0233 (0.1115)  loss_mask: 0.1194 (0.2667)  loss_objectness: 0.0067 (0.0086)  loss_rpn_box_reg: 0.0026 (0.0050)  time: 99.9576  data: 1.1476  max mem: 0
Epoch: [14]  [2/5]  eta: 0:04:40  lr: 0.000100  loss: 0.4179 (0.4556)  loss_classifier: 0.0784 (0.0813)  loss_box_reg: 0.0876 (0.1035)  loss_mask: 0.2221 (0.2519)  loss_objectness: 0.0104 (0.0116)  loss_rpn_box_reg: 0.0075 (0.0074)  time: 93.5763  data: 0.8072  max mem: 0
Epoch: [14]  [3/5]  eta: 0:03:11  lr: 0.000100  loss: 0.2479 (0.4037)  loss_classifier: 0.0506 (0.0736)  loss_box_reg: 0.0301 (0.0852)  loss_mask: 0.1391 (0.2237)  loss_objectness: 0.0104 (0.0147)  loss_rpn_box_reg: 0.0041 (0.0066)  time: 95.6957  data: 0.6266  max mem: 0
Epoch: [14]  [4/5]  eta: 0:01:36  lr: 0.000100  loss: 0.2479 (0.3678)  loss_classifier: 0.0506 (0.0666)  loss_box_reg: 0.0440 (0.0769)  loss_mask: 0.1391 (0.2046)  loss_objectness: 0.0104 (0.0137)  loss_rpn_box_reg: 0.0041 (0.0060)  time: 96.1018  data: 0.5243  max mem: 0
Epoch: [14] Total time: 0:08:00 (96.1729 s / it)
Epoch: [15]  [0/5]  eta: 0:10:55  lr: 0.000100  loss: 0.4188 (0.4188)  loss_classifier: 0.0801 (0.0801)  loss_box_reg: 0.0771 (0.0771)  loss_mask: 0.2141 (0.2141)  loss_objectness: 0.0435 (0.0435)  loss_rpn_box_reg: 0.0041 (0.0041)  time: 131.0316  data: 2.8418  max mem: 0
Epoch: [15]  [1/5]  eta: 0:08:13  lr: 0.000100  loss: 0.2328 (0.3258)  loss_classifier: 0.0504 (0.0652)  loss_box_reg: 0.0336 (0.0554)  loss_mask: 0.1403 (0.1772)  loss_objectness: 0.0051 (0.0243)  loss_rpn_box_reg: 0.0034 (0.0037)  time: 123.4522  data: 1.5030  max mem: 0
Epoch: [15]  [2/5]  eta: 0:05:21  lr: 0.000100  loss: 0.2979 (0.3165)  loss_classifier: 0.0643 (0.0649)  loss_box_reg: 0.0690 (0.0599)  loss_mask: 0.1575 (0.1706)  loss_objectness: 0.0051 (0.0178)  loss_rpn_box_reg: 0.0034 (0.0033)  time: 107.1525  data: 1.0397  max mem: 0
Epoch: [15]  [3/5]  eta: 0:03:32  lr: 0.000100  loss: 0.2979 (0.4154)  loss_classifier: 0.0643 (0.0967)  loss_box_reg: 0.0690 (0.0769)  loss_mask: 0.1575 (0.2222)  loss_objectness: 0.0051 (0.0164)  loss_rpn_box_reg: 0.0027 (0.0031)  time: 106.3309  data: 0.8082  max mem: 0
Epoch: [15]  [4/5]  eta: 0:01:49  lr: 0.000100  loss: 0.4188 (0.4222)  loss_classifier: 0.0801 (0.0964)  loss_box_reg: 0.0754 (0.0766)  loss_mask: 0.2141 (0.2311)  loss_objectness: 0.0082 (0.0148)  loss_rpn_box_reg: 0.0034 (0.0033)  time: 109.6051  data: 0.6685  max mem: 0
Epoch: [15] Total time: 0:09:08 (109.6729 s / it)
Epoch: [16]  [0/5]  eta: 0:07:24  lr: 0.000100  loss: 0.7901 (0.7901)  loss_classifier: 0.2080 (0.2080)  loss_box_reg: 0.1391 (0.1391)  loss_mask: 0.3479 (0.3479)  loss_objectness: 0.0786 (0.0786)  loss_rpn_box_reg: 0.0164 (0.0164)  time: 88.8901  data: 1.8317  max mem: 0
Epoch: [16]  [1/5]  eta: 0:06:18  lr: 0.000100  loss: 0.5513 (0.6707)  loss_classifier: 0.1631 (0.1856)  loss_box_reg: 0.1033 (0.1212)  loss_mask: 0.2711 (0.3095)  loss_objectness: 0.0104 (0.0445)  loss_rpn_box_reg: 0.0034 (0.0099)  time: 94.5038  data: 0.9793  max mem: 0
Epoch: [16]  [2/5]  eta: 0:05:13  lr: 0.000100  loss: 0.7755 (0.7056)  loss_classifier: 0.1693 (0.1801)  loss_box_reg: 0.1391 (0.1300)  loss_mask: 0.3479 (0.3320)  loss_objectness: 0.0649 (0.0513)  loss_rpn_box_reg: 0.0164 (0.0122)  time: 104.5143  data: 0.6890  max mem: 0
Epoch: [16]  [3/5]  eta: 0:03:26  lr: 0.000100  loss: 0.5968 (0.6784)  loss_classifier: 0.1631 (0.1708)  loss_box_reg: 0.1385 (0.1321)  loss_mask: 0.2711 (0.3115)  loss_objectness: 0.0551 (0.0523)  loss_rpn_box_reg: 0.0103 (0.0118)  time: 103.1365  data: 0.5438  max mem: 0
Epoch: [16]  [4/5]  eta: 0:01:43  lr: 0.000100  loss: 0.5968 (0.6084)  loss_classifier: 0.1631 (0.1499)  loss_box_reg: 0.1385 (0.1194)  loss_mask: 0.2711 (0.2844)  loss_objectness: 0.0551 (0.0444)  loss_rpn_box_reg: 0.0103 (0.0103)  time: 103.8119  data: 0.4488  max mem: 0
Epoch: [16] Total time: 0:08:39 (103.8914 s / it)
Epoch: [17]  [0/5]  eta: 0:08:14  lr: 0.000100  loss: 0.3376 (0.3376)  loss_classifier: 0.0836 (0.0836)  loss_box_reg: 0.0905 (0.0905)  loss_mask: 0.1226 (0.1226)  loss_objectness: 0.0301 (0.0301)  loss_rpn_box_reg: 0.0107 (0.0107)  time: 98.8103  data: 0.3229  max mem: 0
Epoch: [17]  [1/5]  eta: 0:06:07  lr: 0.000100  loss: 0.2893 (0.3135)  loss_classifier: 0.0562 (0.0699)  loss_box_reg: 0.0496 (0.0701)  loss_mask: 0.1226 (0.1489)  loss_objectness: 0.0048 (0.0174)  loss_rpn_box_reg: 0.0036 (0.0071)  time: 91.7573  data: 0.2227  max mem: 0
Epoch: [17]  [2/5]  eta: 0:04:28  lr: 0.000100  loss: 0.2893 (0.2930)  loss_classifier: 0.0562 (0.0652)  loss_box_reg: 0.0496 (0.0611)  loss_mask: 0.1327 (0.1435)  loss_objectness: 0.0174 (0.0174)  loss_rpn_box_reg: 0.0036 (0.0058)  time: 89.4223  data: 0.1859  max mem: 0
Epoch: [17]  [3/5]  eta: 0:03:16  lr: 0.000100  loss: 0.2893 (0.3428)  loss_classifier: 0.0562 (0.0731)  loss_box_reg: 0.0496 (0.0737)  loss_mask: 0.1327 (0.1702)  loss_objectness: 0.0174 (0.0183)  loss_rpn_box_reg: 0.0036 (0.0075)  time: 98.1226  data: 0.1586  max mem: 0
Epoch: [17]  [4/5]  eta: 0:01:41  lr: 0.000100  loss: 0.3376 (0.3892)  loss_classifier: 0.0836 (0.0888)  loss_box_reg: 0.0905 (0.0866)  loss_mask: 0.1751 (0.1803)  loss_objectness: 0.0211 (0.0263)  loss_rpn_box_reg: 0.0062 (0.0072)  time: 101.0170  data: 0.1529  max mem: 0
Epoch: [17] Total time: 0:08:25 (101.0797 s / it)
Epoch: [18]  [0/5]  eta: 0:09:56  lr: 0.000100  loss: 0.4494 (0.4494)  loss_classifier: 0.1243 (0.1243)  loss_box_reg: 0.0982 (0.0982)  loss_mask: 0.1990 (0.1990)  loss_objectness: 0.0233 (0.0233)  loss_rpn_box_reg: 0.0046 (0.0046)  time: 119.3293  data: 1.7768  max mem: 0
Epoch: [18]  [1/5]  eta: 0:07:04  lr: 0.000100  loss: 0.3360 (0.3927)  loss_classifier: 0.0709 (0.0976)  loss_box_reg: 0.0519 (0.0751)  loss_mask: 0.1990 (0.2004)  loss_objectness: 0.0070 (0.0152)  loss_rpn_box_reg: 0.0044 (0.0045)  time: 106.1184  data: 0.9418  max mem: 0
Epoch: [18]  [2/5]  eta: 0:05:13  lr: 0.000100  loss: 0.3360 (0.3561)  loss_classifier: 0.0709 (0.0845)  loss_box_reg: 0.0643 (0.0715)  loss_mask: 0.1990 (0.1827)  loss_objectness: 0.0077 (0.0127)  loss_rpn_box_reg: 0.0046 (0.0048)  time: 104.6623  data: 0.6722  max mem: 0
Epoch: [18]  [3/5]  eta: 0:03:18  lr: 0.000100  loss: 0.2830 (0.3265)  loss_classifier: 0.0585 (0.0765)  loss_box_reg: 0.0519 (0.0623)  loss_mask: 0.1473 (0.1670)  loss_objectness: 0.0077 (0.0158)  loss_rpn_box_reg: 0.0046 (0.0050)  time: 99.2476  data: 0.5260  max mem: 0
Epoch: [18]  [4/5]  eta: 0:01:42  lr: 0.000100  loss: 0.3360 (0.3429)  loss_classifier: 0.0709 (0.0792)  loss_box_reg: 0.0643 (0.0709)  loss_mask: 0.1862 (0.1708)  loss_objectness: 0.0208 (0.0168)  loss_rpn_box_reg: 0.0052 (0.0052)  time: 102.9526  data: 0.4448  max mem: 0
Epoch: [18] Total time: 0:08:35 (103.0062 s / it)
Epoch: [19]  [0/5]  eta: 0:01:53  lr: 0.000100  loss: 0.2480 (0.2480)  loss_classifier: 0.0583 (0.0583)  loss_box_reg: 0.0385 (0.0385)  loss_mask: 0.1420 (0.1420)  loss_objectness: 0.0048 (0.0048)  loss_rpn_box_reg: 0.0044 (0.0044)  time: 22.6706  data: 0.4255  max mem: 0
Epoch: [19]  [1/5]  eta: 0:03:00  lr: 0.000100  loss: 0.2480 (0.4466)  loss_classifier: 0.0583 (0.1152)  loss_box_reg: 0.0385 (0.1015)  loss_mask: 0.1420 (0.2060)  loss_objectness: 0.0048 (0.0194)  loss_rpn_box_reg: 0.0044 (0.0046)  time: 45.0418  data: 0.2162  max mem: 0
Epoch: [19]  [2/5]  eta: 0:02:23  lr: 0.000100  loss: 0.2480 (0.3740)  loss_classifier: 0.0626 (0.0977)  loss_box_reg: 0.0393 (0.0807)  loss_mask: 0.1420 (0.1751)  loss_objectness: 0.0097 (0.0161)  loss_rpn_box_reg: 0.0044 (0.0043)  time: 47.7096  data: 0.2411  max mem: 0
Epoch: [19]  [3/5]  eta: 0:01:34  lr: 0.000100  loss: 0.2480 (0.3974)  loss_classifier: 0.0626 (0.0934)  loss_box_reg: 0.0393 (0.0846)  loss_mask: 0.1420 (0.1906)  loss_objectness: 0.0097 (0.0224)  loss_rpn_box_reg: 0.0044 (0.0063)  time: 47.3330  data: 0.2146  max mem: 0
Epoch: [19]  [4/5]  eta: 0:00:52  lr: 0.000100  loss: 0.3746 (0.3928)  loss_classifier: 0.0806 (0.0933)  loss_box_reg: 0.0833 (0.0844)  loss_mask: 0.1887 (0.1903)  loss_objectness: 0.0097 (0.0193)  loss_rpn_box_reg: 0.0044 (0.0056)  time: 52.5626  data: 0.2000  max mem: 0
Epoch: [19] Total time: 0:04:23 (52.6283 s / it)
Epoch: [20]  [0/5]  eta: 0:07:06  lr: 0.000010  loss: 0.2860 (0.2860)  loss_classifier: 0.0724 (0.0724)  loss_box_reg: 0.0528 (0.0528)  loss_mask: 0.1533 (0.1533)  loss_objectness: 0.0051 (0.0051)  loss_rpn_box_reg: 0.0024 (0.0024)  time: 85.3439  data: 0.7137  max mem: 0
Epoch: [20]  [1/5]  eta: 0:05:46  lr: 0.000010  loss: 0.2014 (0.2437)  loss_classifier: 0.0397 (0.0560)  loss_box_reg: 0.0224 (0.0376)  loss_mask: 0.1249 (0.1391)  loss_objectness: 0.0051 (0.0091)  loss_rpn_box_reg: 0.0013 (0.0019)  time: 86.7157  data: 0.4047  max mem: 0
Epoch: [20]  [2/5]  eta: 0:04:27  lr: 0.000010  loss: 0.2860 (0.2614)  loss_classifier: 0.0724 (0.0656)  loss_box_reg: 0.0486 (0.0413)  loss_mask: 0.1460 (0.1414)  loss_objectness: 0.0131 (0.0105)  loss_rpn_box_reg: 0.0024 (0.0026)  time: 89.2771  data: 0.3215  max mem: 0
Epoch: [20]  [3/5]  eta: 0:03:07  lr: 0.000010  loss: 0.2860 (0.3332)  loss_classifier: 0.0724 (0.0871)  loss_box_reg: 0.0486 (0.0557)  loss_mask: 0.1460 (0.1708)  loss_objectness: 0.0131 (0.0151)  loss_rpn_box_reg: 0.0024 (0.0045)  time: 93.9332  data: 0.2696  max mem: 0
Epoch: [20]  [4/5]  eta: 0:01:40  lr: 0.000010  loss: 0.2966 (0.4131)  loss_classifier: 0.0848 (0.1022)  loss_box_reg: 0.0528 (0.0772)  loss_mask: 0.1533 (0.2115)  loss_objectness: 0.0132 (0.0166)  loss_rpn_box_reg: 0.0042 (0.0056)  time: 100.0206  data: 0.2732  max mem: 0
Epoch: [20] Total time: 0:08:20 (100.1292 s / it)
Epoch: [21]  [0/5]  eta: 0:02:20  lr: 0.000010  loss: 0.7225 (0.7225)  loss_classifier: 0.1005 (0.1005)  loss_box_reg: 0.1067 (0.1067)  loss_mask: 0.4593 (0.4593)  loss_objectness: 0.0477 (0.0477)  loss_rpn_box_reg: 0.0084 (0.0084)  time: 28.1360  data: 0.4184  max mem: 0
Epoch: [21]  [1/5]  eta: 0:02:08  lr: 0.000010  loss: 0.7225 (0.8488)  loss_classifier: 0.1005 (0.1789)  loss_box_reg: 0.1067 (0.1558)  loss_mask: 0.3326 (0.3959)  loss_objectness: 0.0477 (0.0956)  loss_rpn_box_reg: 0.0084 (0.0225)  time: 32.1211  data: 0.2290  max mem: 0
Epoch: [21]  [2/5]  eta: 0:01:36  lr: 0.000010  loss: 0.7225 (0.6485)  loss_classifier: 0.1005 (0.1397)  loss_box_reg: 0.1067 (0.1159)  loss_mask: 0.3326 (0.3072)  loss_objectness: 0.0477 (0.0700)  loss_rpn_box_reg: 0.0084 (0.0158)  time: 32.3321  data: 0.1751  max mem: 0
Epoch: [21]  [3/5]  eta: 0:01:19  lr: 0.000010  loss: 0.2838 (0.5573)  loss_classifier: 0.0721 (0.1228)  loss_box_reg: 0.0444 (0.0980)  loss_mask: 0.1544 (0.2690)  loss_objectness: 0.0186 (0.0543)  loss_rpn_box_reg: 0.0055 (0.0132)  time: 39.8617  data: 0.1727  max mem: 0
Epoch: [21]  [4/5]  eta: 0:00:51  lr: 0.000010  loss: 0.5401 (0.5539)  loss_classifier: 0.1005 (0.1272)  loss_box_reg: 0.1067 (0.1033)  loss_mask: 0.2379 (0.2628)  loss_objectness: 0.0265 (0.0488)  loss_rpn_box_reg: 0.0065 (0.0119)  time: 51.7595  data: 0.1534  max mem: 0
Epoch: [21] Total time: 0:04:19 (51.8072 s / it)
Epoch: [22]  [0/5]  eta: 0:07:42  lr: 0.000010  loss: 0.5073 (0.5073)  loss_classifier: 0.1438 (0.1438)  loss_box_reg: 0.0843 (0.0843)  loss_mask: 0.2393 (0.2393)  loss_objectness: 0.0350 (0.0350)  loss_rpn_box_reg: 0.0048 (0.0048)  time: 92.4406  data: 0.1545  max mem: 0
Epoch: [22]  [1/5]  eta: 0:06:07  lr: 0.000010  loss: 0.3103 (0.4088)  loss_classifier: 0.0969 (0.1204)  loss_box_reg: 0.0669 (0.0756)  loss_mask: 0.1318 (0.1855)  loss_objectness: 0.0055 (0.0202)  loss_rpn_box_reg: 0.0048 (0.0071)  time: 91.8532  data: 0.1517  max mem: 0
Epoch: [22]  [2/5]  eta: 0:04:33  lr: 0.000010  loss: 0.3103 (0.3488)  loss_classifier: 0.0969 (0.0969)  loss_box_reg: 0.0669 (0.0660)  loss_mask: 0.1318 (0.1615)  loss_objectness: 0.0088 (0.0164)  loss_rpn_box_reg: 0.0093 (0.0080)  time: 91.2052  data: 0.1461  max mem: 0
Epoch: [22]  [3/5]  eta: 0:03:05  lr: 0.000010  loss: 0.3103 (0.4781)  loss_classifier: 0.0969 (0.1270)  loss_box_reg: 0.0669 (0.0875)  loss_mask: 0.1318 (0.2215)  loss_objectness: 0.0088 (0.0330)  loss_rpn_box_reg: 0.0093 (0.0091)  time: 92.9641  data: 0.1423  max mem: 0
Epoch: [22]  [4/5]  eta: 0:01:35  lr: 0.000010  loss: 0.3103 (0.4223)  loss_classifier: 0.0969 (0.1112)  loss_box_reg: 0.0669 (0.0765)  loss_mask: 0.1318 (0.1989)  loss_objectness: 0.0088 (0.0272)  loss_rpn_box_reg: 0.0093 (0.0084)  time: 95.8695  data: 0.1364  max mem: 0
Epoch: [22] Total time: 0:07:59 (95.9441 s / it)
Epoch: [23]  [0/5]  eta: 0:09:32  lr: 0.000010  loss: 0.2467 (0.2467)  loss_classifier: 0.0482 (0.0482)  loss_box_reg: 0.0619 (0.0619)  loss_mask: 0.1132 (0.1132)  loss_objectness: 0.0136 (0.0136)  loss_rpn_box_reg: 0.0097 (0.0097)  time: 114.5291  data: 0.9991  max mem: 0
Epoch: [23]  [1/5]  eta: 0:07:43  lr: 0.000010  loss: 0.2467 (0.4251)  loss_classifier: 0.0482 (0.1038)  loss_box_reg: 0.0619 (0.1102)  loss_mask: 0.1132 (0.1727)  loss_objectness: 0.0136 (0.0270)  loss_rpn_box_reg: 0.0097 (0.0113)  time: 115.8634  data: 0.5590  max mem: 0
Epoch: [23]  [2/5]  eta: 0:05:36  lr: 0.000010  loss: 0.2467 (0.3483)  loss_classifier: 0.0482 (0.0846)  loss_box_reg: 0.0619 (0.0842)  loss_mask: 0.1132 (0.1489)  loss_objectness: 0.0136 (0.0217)  loss_rpn_box_reg: 0.0097 (0.0090)  time: 112.1525  data: 0.4069  max mem: 0
Epoch: [23]  [3/5]  eta: 0:03:27  lr: 0.000010  loss: 0.2467 (0.3459)  loss_classifier: 0.0482 (0.0835)  loss_box_reg: 0.0619 (0.0845)  loss_mask: 0.1132 (0.1531)  loss_objectness: 0.0111 (0.0176)  loss_rpn_box_reg: 0.0042 (0.0072)  time: 103.8383  data: 0.3345  max mem: 0
Epoch: [23]  [4/5]  eta: 0:01:41  lr: 0.000010  loss: 0.2729 (0.3313)  loss_classifier: 0.0778 (0.0824)  loss_box_reg: 0.0646 (0.0805)  loss_mask: 0.1149 (0.1455)  loss_objectness: 0.0111 (0.0156)  loss_rpn_box_reg: 0.0082 (0.0074)  time: 101.3930  data: 0.2898  max mem: 0
Epoch: [23] Total time: 0:08:27 (101.4488 s / it)
